\BOOKMARK [0][-]{chapter*.4}{Lista de Figuras}{}% 1
\BOOKMARK [0][-]{chapter*.5}{Lista de Tabelas}{}% 2
\BOOKMARK [0][-]{chapter*.7}{Lista de Acr\364nimos}{}% 3
\BOOKMARK [0][-]{chapter*.8}{Lista de C\363digos Fonte}{}% 4
\BOOKMARK [0][-]{chapter.1}{Introdu\347\343o}{}% 5
\BOOKMARK [0][-]{chapter.2}{Sistemas de Detec\347\343o de Queda}{}% 6
\BOOKMARK [1][-]{section.2.1}{Defini\347\343o de Queda}{chapter.2}% 7
\BOOKMARK [1][-]{section.2.2}{Tipos de Sistemas de Detec\347\343o de Queda}{chapter.2}% 8
\BOOKMARK [2][-]{subsection.2.2.1}{Sistemas de Detec\347\343o Baseados no Ambiente}{section.2.2}% 9
\BOOKMARK [2][-]{subsection.2.2.2}{Sistemas de Detec\347\343o Baseados na Vis\343o}{section.2.2}% 10
\BOOKMARK [2][-]{subsection.2.2.3}{Sistemas de Detec\347\343o Baseados em Tecnologias Vest\355veis}{section.2.2}% 11
\BOOKMARK [0][-]{chapter.3}{Sistemas Vest\355veis}{}% 12
\BOOKMARK [1][-]{section.3.1}{Sensores}{chapter.3}% 13
\BOOKMARK [2][-]{subsection.3.1.1}{Aceler\364metro}{section.3.1}% 14
\BOOKMARK [2][-]{subsection.3.1.2}{Girosc\363pio}{section.3.1}% 15
\BOOKMARK [1][-]{section.3.2}{Posicionamento de Sensores}{chapter.3}% 16
\BOOKMARK [1][-]{section.3.3}{Algoritmos de Detec\347\343o de Queda}{chapter.3}% 17
\BOOKMARK [2][-]{subsection.3.3.1}{Reconhecimento de Padr\365es}{section.3.3}% 18
\BOOKMARK [2][-]{subsection.3.3.2}{Baseado em Limiares}{section.3.3}% 19
\BOOKMARK [1][-]{section.3.4}{Trabalhos Relacionados}{chapter.3}% 20
\BOOKMARK [2][-]{subsection.3.4.1}{SPEEDY - Detector de Quedas em um Rel\363gio de Pulso}{section.3.4}% 21
\BOOKMARK [2][-]{subsection.3.4.2}{F2D - Sistema de Detec\347\343o de Quedas}{section.3.4}% 22
\BOOKMARK [2][-]{subsection.3.4.3}{Sistema de Detec\347\343o de Quedas de Pulso}{section.3.4}% 23
\BOOKMARK [0][-]{chapter.4}{SafeWatch: Sistema de Detec\347\343o de Quedas}{}% 24
\BOOKMARK [1][-]{section.4.1}{Arquitetura}{chapter.4}% 25
\BOOKMARK [1][-]{section.4.2}{Ferramentas Utilizadas}{chapter.4}% 26
\BOOKMARK [1][-]{section.4.3}{Implementa\347\343o}{chapter.4}% 27
\BOOKMARK [2][-]{subsection.4.3.1}{Sensor Reader}{section.4.3}% 28
\BOOKMARK [2][-]{subsection.4.3.2}{Fall Detector}{section.4.3}% 29
\BOOKMARK [2][-]{subsection.4.3.3}{Watch Communicator}{section.4.3}% 30
\BOOKMARK [2][-]{subsection.4.3.4}{Fall Handler}{section.4.3}% 31
\BOOKMARK [2][-]{subsection.4.3.5}{Contact Manager}{section.4.3}% 32
\BOOKMARK [1][-]{section.4.4}{Telas e Funcionamento}{chapter.4}% 33
\BOOKMARK [0][-]{chapter.5}{Estudo Experimental}{}% 34
\BOOKMARK [1][-]{section.5.1}{Metodologia}{chapter.5}% 35
\BOOKMARK [1][-]{section.5.2}{M\351tricas de Avalia\347\343o}{chapter.5}% 36
\BOOKMARK [1][-]{section.5.3}{Resultados}{chapter.5}% 37
\BOOKMARK [0][-]{chapter.6}{Conclus\343o}{}% 38
\BOOKMARK [0][-]{Item.28}{Refer\352ncias Bibliogr\341ficas}{}% 39
